<?xml version="1.0" encoding="UTF-8"?>
<!-- Generated by org.testng.reporters.JUnitXMLReporter -->
<testsuite ignored="0" hostname="POTOMAC-AUTO23L" failures="1" tests="1" name="Bank Manager Login Test" time="0.335" errors="0" timestamp="2022-09-15T12:19:04 IST">
  <testcase classname="com.testing.testcases.BML_Login_Test" name="bml_Login_Test" time="0.095">
    <failure type="java.lang.IllegalArgumentException" message="ScreenCapture path must not be null or empty">
      <![CDATA[java.lang.IllegalArgumentException: ScreenCapture path must not be null or empty
at com.aventstack.extentreports.util.Assert.notEmpty(Assert.java:12)
at com.aventstack.extentreports.MediaEntityBuilder.createScreenCaptureFromPath(MediaEntityBuilder.java:34)
at com.aventstack.extentreports.MediaEntityBuilder.createScreenCaptureFromPath(MediaEntityBuilder.java:40)
at com.testing.base.TestBase.verifyEquals(TestBase.java:185)
at com.testing.testcases.BML_Login_Test.bml_Login_Test(BML_Login_Test.java:18)
at java.base/java.util.ArrayList.forEach(ArrayList.java:1511)
... Removed 30 stack frames]]>
    </failure>
  </testcase> <!-- bml_Login_Test -->
</testsuite> <!-- Bank Manager Login Test -->
